2020-08-06 13:18:25 INFO  MAFrameView:113 - Processing starts.
2020-08-10 09:45:23 INFO  CEFrameView:113 - Processing starts.
2020-08-10 09:46:00 INFO  CEFrameView:111 - 
javax.xml.transform.TransformerConfigurationException: net.sf.saxon.s9api.SaxonApiException: I/O error reported by XML parser processing file:/C:/workspace/Protean/_reference/xsls/00-identity.xsl: C:\workspace\Protean\_reference\xsls\00-identity.xsl (지정된 경로를 찾을 수 없습니다)
	at net.sf.saxon.jaxp.SaxonTransformerFactory.newTemplates(SaxonTransformerFactory.java:152)
	at net.sf.saxon.jaxp.SaxonTransformerFactory.newTransformer(SaxonTransformerFactory.java:111)
	at com.ast.protean.controllers.ProteanController.transform(ProteanController.java:104)
	at com.ast.protean.controllers.ProteanController.processEx(ProteanController.java:356)
	at com.ast.protean.views.resources.CEFrameView$13.actionPerformed(CEFrameView.java:544)
	at javax.swing.AbstractButton.fireActionPerformed(AbstractButton.java:2022)
	at javax.swing.AbstractButton$Handler.actionPerformed(AbstractButton.java:2348)
	at javax.swing.DefaultButtonModel.fireActionPerformed(DefaultButtonModel.java:402)
	at javax.swing.DefaultButtonModel.setPressed(DefaultButtonModel.java:259)
	at javax.swing.plaf.basic.BasicButtonListener.mouseReleased(BasicButtonListener.java:252)
	at java.awt.Component.processMouseEvent(Component.java:6539)
	at javax.swing.JComponent.processMouseEvent(JComponent.java:3324)
	at java.awt.Component.processEvent(Component.java:6304)
	at java.awt.Container.processEvent(Container.java:2239)
	at java.awt.Component.dispatchEventImpl(Component.java:4889)
	at java.awt.Container.dispatchEventImpl(Container.java:2297)
	at java.awt.Component.dispatchEvent(Component.java:4711)
	at java.awt.LightweightDispatcher.retargetMouseEvent(Container.java:4904)
	at java.awt.LightweightDispatcher.processMouseEvent(Container.java:4535)
	at java.awt.LightweightDispatcher.dispatchEvent(Container.java:4476)
	at java.awt.Container.dispatchEventImpl(Container.java:2283)
	at java.awt.Window.dispatchEventImpl(Window.java:2746)
	at java.awt.Component.dispatchEvent(Component.java:4711)
	at java.awt.EventQueue.dispatchEventImpl(EventQueue.java:760)
	at java.awt.EventQueue.access$500(EventQueue.java:97)
	at java.awt.EventQueue$3.run(EventQueue.java:709)
	at java.awt.EventQueue$3.run(EventQueue.java:703)
	at java.security.AccessController.doPrivileged(Native Method)
	at java.security.ProtectionDomain$JavaSecurityAccessImpl.doIntersectionPrivilege(ProtectionDomain.java:74)
	at java.security.ProtectionDomain$JavaSecurityAccessImpl.doIntersectionPrivilege(ProtectionDomain.java:84)
	at java.awt.EventQueue$4.run(EventQueue.java:733)
	at java.awt.EventQueue$4.run(EventQueue.java:731)
	at java.security.AccessController.doPrivileged(Native Method)
	at java.security.ProtectionDomain$JavaSecurityAccessImpl.doIntersectionPrivilege(ProtectionDomain.java:74)
	at java.awt.EventQueue.dispatchEvent(EventQueue.java:730)
	at java.awt.EventDispatchThread.pumpOneEventForFilters(EventDispatchThread.java:205)
	at java.awt.EventDispatchThread.pumpEventsForFilter(EventDispatchThread.java:116)
	at java.awt.EventDispatchThread.pumpEventsForHierarchy(EventDispatchThread.java:105)
	at java.awt.EventDispatchThread.pumpEvents(EventDispatchThread.java:101)
	at java.awt.EventDispatchThread.pumpEvents(EventDispatchThread.java:93)
	at java.awt.EventDispatchThread.run(EventDispatchThread.java:82)
Caused by: net.sf.saxon.s9api.SaxonApiException: I/O error reported by XML parser processing file:/C:/workspace/Protean/_reference/xsls/00-identity.xsl: C:\workspace\Protean\_reference\xsls\00-identity.xsl (지정된 경로를 찾을 수 없습니다)
	at net.sf.saxon.s9api.XsltCompiler.compile(XsltCompiler.java:788)
	at net.sf.saxon.jaxp.SaxonTransformerFactory.newTemplates(SaxonTransformerFactory.java:149)
	... 40 more
Caused by: net.sf.saxon.trans.XPathException: I/O error reported by XML parser processing file:/C:/workspace/Protean/_reference/xsls/00-identity.xsl: C:\workspace\Protean\_reference\xsls\00-identity.xsl (지정된 경로를 찾을 수 없습니다)
	at net.sf.saxon.event.Sender.sendSAXSource(Sender.java:463)
	at net.sf.saxon.event.Sender.send(Sender.java:167)
	at net.sf.saxon.style.StylesheetModule.sendStylesheetSource(StylesheetModule.java:274)
	at net.sf.saxon.style.StylesheetModule.loadStylesheet(StylesheetModule.java:199)
	at net.sf.saxon.style.Compilation.compileSingletonPackage(Compilation.java:107)
	at net.sf.saxon.s9api.XsltCompiler.compile(XsltCompiler.java:785)
	... 41 more
Caused by: java.io.FileNotFoundException: C:\workspace\Protean\_reference\xsls\00-identity.xsl (지정된 경로를 찾을 수 없습니다)
	at java.io.FileInputStream.open0(Native Method)
	at java.io.FileInputStream.open(FileInputStream.java:195)
	at java.io.FileInputStream.<init>(FileInputStream.java:138)
	at java.io.FileInputStream.<init>(FileInputStream.java:93)
	at sun.net.www.protocol.file.FileURLConnection.connect(FileURLConnection.java:90)
	at sun.net.www.protocol.file.FileURLConnection.getInputStream(FileURLConnection.java:188)
	at com.sun.org.apache.xerces.internal.impl.XMLEntityManager.setupCurrentEntity(XMLEntityManager.java:623)
	at com.sun.org.apache.xerces.internal.impl.XMLVersionDetector.determineDocVersion(XMLVersionDetector.java:148)
	at com.sun.org.apache.xerces.internal.parsers.XML11Configuration.parse(XML11Configuration.java:806)
	at com.sun.org.apache.xerces.internal.parsers.XML11Configuration.parse(XML11Configuration.java:771)
	at com.sun.org.apache.xerces.internal.parsers.XMLParser.parse(XMLParser.java:141)
	at com.sun.org.apache.xerces.internal.parsers.AbstractSAXParser.parse(AbstractSAXParser.java:1213)
	at com.sun.org.apache.xerces.internal.jaxp.SAXParserImpl$JAXPSAXParser.parse(SAXParserImpl.java:643)
	at net.sf.saxon.event.Sender.sendSAXSource(Sender.java:435)
	... 46 more
---------
net.sf.saxon.s9api.SaxonApiException: I/O error reported by XML parser processing file:/C:/workspace/Protean/_reference/xsls/00-identity.xsl: C:\workspace\Protean\_reference\xsls\00-identity.xsl (지정된 경로를 찾을 수 없습니다)
	at net.sf.saxon.s9api.XsltCompiler.compile(XsltCompiler.java:788)
	at net.sf.saxon.jaxp.SaxonTransformerFactory.newTemplates(SaxonTransformerFactory.java:149)
	at net.sf.saxon.jaxp.SaxonTransformerFactory.newTransformer(SaxonTransformerFactory.java:111)
	at com.ast.protean.controllers.ProteanController.transform(ProteanController.java:104)
	at com.ast.protean.controllers.ProteanController.processEx(ProteanController.java:356)
	at com.ast.protean.views.resources.CEFrameView$13.actionPerformed(CEFrameView.java:544)
	at javax.swing.AbstractButton.fireActionPerformed(AbstractButton.java:2022)
	at javax.swing.AbstractButton$Handler.actionPerformed(AbstractButton.java:2348)
	at javax.swing.DefaultButtonModel.fireActionPerformed(DefaultButtonModel.java:402)
	at javax.swing.DefaultButtonModel.setPressed(DefaultButtonModel.java:259)
	at javax.swing.plaf.basic.BasicButtonListener.mouseReleased(BasicButtonListener.java:252)
	at java.awt.Component.processMouseEvent(Component.java:6539)
	at javax.swing.JComponent.processMouseEvent(JComponent.java:3324)
	at java.awt.Component.processEvent(Component.java:6304)
	at java.awt.Container.processEvent(Container.java:2239)
	at java.awt.Component.dispatchEventImpl(Component.java:4889)
	at java.awt.Container.dispatchEventImpl(Container.java:2297)
	at java.awt.Component.dispatchEvent(Component.java:4711)
	at java.awt.LightweightDispatcher.retargetMouseEvent(Container.java:4904)
	at java.awt.LightweightDispatcher.processMouseEvent(Container.java:4535)
	at java.awt.LightweightDispatcher.dispatchEvent(Container.java:4476)
	at java.awt.Container.dispatchEventImpl(Container.java:2283)
	at java.awt.Window.dispatchEventImpl(Window.java:2746)
	at java.awt.Component.dispatchEvent(Component.java:4711)
	at java.awt.EventQueue.dispatchEventImpl(EventQueue.java:760)
	at java.awt.EventQueue.access$500(EventQueue.java:97)
	at java.awt.EventQueue$3.run(EventQueue.java:709)
	at java.awt.EventQueue$3.run(EventQueue.java:703)
	at java.security.AccessController.doPrivileged(Native Method)
	at java.security.ProtectionDomain$JavaSecurityAccessImpl.doIntersectionPrivilege(ProtectionDomain.java:74)
	at java.security.ProtectionDomain$JavaSecurityAccessImpl.doIntersectionPrivilege(ProtectionDomain.java:84)
	at java.awt.EventQueue$4.run(EventQueue.java:733)
	at java.awt.EventQueue$4.run(EventQueue.java:731)
	at java.security.AccessController.doPrivileged(Native Method)
	at java.security.ProtectionDomain$JavaSecurityAccessImpl.doIntersectionPrivilege(ProtectionDomain.java:74)
	at java.awt.EventQueue.dispatchEvent(EventQueue.java:730)
	at java.awt.EventDispatchThread.pumpOneEventForFilters(EventDispatchThread.java:205)
	at java.awt.EventDispatchThread.pumpEventsForFilter(EventDispatchThread.java:116)
	at java.awt.EventDispatchThread.pumpEventsForHierarchy(EventDispatchThread.java:105)
	at java.awt.EventDispatchThread.pumpEvents(EventDispatchThread.java:101)
	at java.awt.EventDispatchThread.pumpEvents(EventDispatchThread.java:93)
	at java.awt.EventDispatchThread.run(EventDispatchThread.java:82)
Caused by: net.sf.saxon.trans.XPathException: I/O error reported by XML parser processing file:/C:/workspace/Protean/_reference/xsls/00-identity.xsl: C:\workspace\Protean\_reference\xsls\00-identity.xsl (지정된 경로를 찾을 수 없습니다)
	at net.sf.saxon.event.Sender.sendSAXSource(Sender.java:463)
	at net.sf.saxon.event.Sender.send(Sender.java:167)
	at net.sf.saxon.style.StylesheetModule.sendStylesheetSource(StylesheetModule.java:274)
	at net.sf.saxon.style.StylesheetModule.loadStylesheet(StylesheetModule.java:199)
	at net.sf.saxon.style.Compilation.compileSingletonPackage(Compilation.java:107)
	at net.sf.saxon.s9api.XsltCompiler.compile(XsltCompiler.java:785)
	... 41 more
Caused by: java.io.FileNotFoundException: C:\workspace\Protean\_reference\xsls\00-identity.xsl (지정된 경로를 찾을 수 없습니다)
	at java.io.FileInputStream.open0(Native Method)
	at java.io.FileInputStream.open(FileInputStream.java:195)
	at java.io.FileInputStream.<init>(FileInputStream.java:138)
	at java.io.FileInputStream.<init>(FileInputStream.java:93)
	at sun.net.www.protocol.file.FileURLConnection.connect(FileURLConnection.java:90)
	at sun.net.www.protocol.file.FileURLConnection.getInputStream(FileURLConnection.java:188)
	at com.sun.org.apache.xerces.internal.impl.XMLEntityManager.setupCurrentEntity(XMLEntityManager.java:623)
	at com.sun.org.apache.xerces.internal.impl.XMLVersionDetector.determineDocVersion(XMLVersionDetector.java:148)
	at com.sun.org.apache.xerces.internal.parsers.XML11Configuration.parse(XML11Configuration.java:806)
	at com.sun.org.apache.xerces.internal.parsers.XML11Configuration.parse(XML11Configuration.java:771)
	at com.sun.org.apache.xerces.internal.parsers.XMLParser.parse(XMLParser.java:141)
	at com.sun.org.apache.xerces.internal.parsers.AbstractSAXParser.parse(AbstractSAXParser.java:1213)
	at com.sun.org.apache.xerces.internal.jaxp.SAXParserImpl$JAXPSAXParser.parse(SAXParserImpl.java:643)
	at net.sf.saxon.event.Sender.sendSAXSource(Sender.java:435)
	... 46 more
2020-08-10 09:46:14 INFO  CEFrameView:549 - Processing ends
2020-08-10 09:46:52 INFO  CEFrameView:113 - Processing starts.
2020-08-10 09:47:30 INFO  CEFrameView:549 - Processing ends
2020-08-10 09:47:51 INFO  CEFrameView:113 - Processing starts.
2020-08-10 09:48:37 INFO  CEFrameView:549 - Processing ends
2020-08-10 09:49:04 INFO  CEFrameView:549 - Processing ends
2020-08-10 09:49:22 INFO  CEFrameView:113 - Processing starts.
2020-08-10 09:49:47 INFO  CEFrameView:549 - Processing ends
2020-08-10 09:50:06 INFO  CEFrameView:549 - Processing ends
2020-08-10 09:53:11 INFO  CEFrameView:113 - Processing starts.
2020-08-10 09:54:07 INFO  CEFrameView:549 - Processing ends
2020-08-10 09:56:33 INFO  CEFrameView:113 - Processing starts.
2020-08-10 09:57:02 INFO  CEFrameView:405 - 
java.lang.NullPointerException
	at com.ast.protean.controllers.ProteanController.processEx(ProteanController.java:355)
	at com.ast.protean.views.resources.CEFrameView$13.actionPerformed(CEFrameView.java:544)
	at javax.swing.AbstractButton.fireActionPerformed(AbstractButton.java:2022)
	at javax.swing.AbstractButton$Handler.actionPerformed(AbstractButton.java:2348)
	at javax.swing.DefaultButtonModel.fireActionPerformed(DefaultButtonModel.java:402)
	at javax.swing.DefaultButtonModel.setPressed(DefaultButtonModel.java:259)
	at javax.swing.plaf.basic.BasicButtonListener.mouseReleased(BasicButtonListener.java:252)
	at java.awt.Component.processMouseEvent(Component.java:6539)
	at javax.swing.JComponent.processMouseEvent(JComponent.java:3324)
	at java.awt.Component.processEvent(Component.java:6304)
	at java.awt.Container.processEvent(Container.java:2239)
	at java.awt.Component.dispatchEventImpl(Component.java:4889)
	at java.awt.Container.dispatchEventImpl(Container.java:2297)
	at java.awt.Component.dispatchEvent(Component.java:4711)
	at java.awt.LightweightDispatcher.retargetMouseEvent(Container.java:4904)
	at java.awt.LightweightDispatcher.processMouseEvent(Container.java:4535)
	at java.awt.LightweightDispatcher.dispatchEvent(Container.java:4476)
	at java.awt.Container.dispatchEventImpl(Container.java:2283)
	at java.awt.Window.dispatchEventImpl(Window.java:2746)
	at java.awt.Component.dispatchEvent(Component.java:4711)
	at java.awt.EventQueue.dispatchEventImpl(EventQueue.java:760)
	at java.awt.EventQueue.access$500(EventQueue.java:97)
	at java.awt.EventQueue$3.run(EventQueue.java:709)
	at java.awt.EventQueue$3.run(EventQueue.java:703)
	at java.security.AccessController.doPrivileged(Native Method)
	at java.security.ProtectionDomain$JavaSecurityAccessImpl.doIntersectionPrivilege(ProtectionDomain.java:74)
	at java.security.ProtectionDomain$JavaSecurityAccessImpl.doIntersectionPrivilege(ProtectionDomain.java:84)
	at java.awt.EventQueue$4.run(EventQueue.java:733)
	at java.awt.EventQueue$4.run(EventQueue.java:731)
	at java.security.AccessController.doPrivileged(Native Method)
	at java.security.ProtectionDomain$JavaSecurityAccessImpl.doIntersectionPrivilege(ProtectionDomain.java:74)
	at java.awt.EventQueue.dispatchEvent(EventQueue.java:730)
	at java.awt.EventDispatchThread.pumpOneEventForFilters(EventDispatchThread.java:205)
	at java.awt.EventDispatchThread.pumpEventsForFilter(EventDispatchThread.java:116)
	at java.awt.EventDispatchThread.pumpEventsForHierarchy(EventDispatchThread.java:105)
	at java.awt.EventDispatchThread.pumpEvents(EventDispatchThread.java:101)
	at java.awt.EventDispatchThread.pumpEvents(EventDispatchThread.java:93)
	at java.awt.EventDispatchThread.run(EventDispatchThread.java:82)
2020-08-10 09:57:05 INFO  CEFrameView:549 - Processing ends
2020-08-10 09:57:59 INFO  CEFrameView:113 - Processing starts.
2020-08-10 09:58:25 INFO  CEFrameView:549 - Processing ends
2020-08-10 09:58:44 INFO  CEFrameView:549 - Processing ends
2020-08-10 10:00:59 INFO  CEFrameView:113 - Processing starts.
2020-08-10 10:01:24 INFO  CEFrameView:549 - Processing ends
2020-08-10 10:01:50 INFO  CEFrameView:549 - Processing ends
2020-08-10 10:02:13 INFO  CEFrameView:549 - Processing ends
2020-08-10 10:03:05 INFO  CEFrameView:113 - Processing starts.
2020-08-10 10:03:46 INFO  CEFrameView:549 - Processing ends
2020-08-10 10:05:29 INFO  CEFrameView:113 - Processing starts.
2020-08-10 10:06:11 INFO  CEFrameView:549 - Processing ends
2020-08-10 10:07:00 INFO  CEFrameView:113 - Processing starts.
2020-08-10 10:07:49 INFO  CEFrameView:549 - Processing ends
2020-08-10 10:08:50 INFO  CEFrameView:549 - Processing ends
2020-08-10 10:09:23 INFO  CEFrameView:549 - Processing ends
2020-08-10 10:09:35 INFO  CEFrameView:549 - Processing ends
2020-08-10 10:09:59 INFO  CEFrameView:549 - Processing ends
2020-08-25 12:54:57 INFO  CEFrameView:113 - Processing starts.
